TN:
SF:/home/bilush/Documents/andrew/node-course-2-todo-api/server/server.js
FN:17,(anonymous_0)
FN:32,(anonymous_1)
FN:48,(anonymous_2)
FN:76,(anonymous_3)
FN:104,(anonymous_4)
FN:140,(anonymous_5)
FN:154,(anonymous_6)
FN:158,(anonymous_7)
FN:175,(anonymous_8)
FN:188,(anonymous_9)
FNF:10
FNH:10
FNDA:2,(anonymous_0)
FNDA:1,(anonymous_1)
FNDA:4,(anonymous_2)
FNDA:4,(anonymous_3)
FNDA:3,(anonymous_4)
FNDA:3,(anonymous_5)
FNDA:1,(anonymous_6)
FNDA:2,(anonymous_7)
FNDA:1,(anonymous_8)
FNDA:1,(anonymous_9)
DA:1,1
DA:2,1
DA:3,1
DA:4,1
DA:5,1
DA:7,1
DA:8,1
DA:9,1
DA:10,1
DA:12,1
DA:13,1
DA:15,1
DA:17,1
DA:18,2
DA:19,2
DA:23,2
DA:24,1
DA:26,1
DA:32,1
DA:33,1
DA:34,1
DA:37,1
DA:42,0
DA:48,1
DA:49,4
DA:50,4
DA:51,4
DA:52,1
DA:56,3
DA:60,3
DA:61,2
DA:65,1
DA:70,0
DA:76,1
DA:77,4
DA:78,4
DA:79,4
DA:80,1
DA:84,3
DA:88,3
DA:89,2
DA:93,1
DA:98,0
DA:104,1
DA:105,3
DA:106,3
DA:107,3
DA:108,3
DA:109,0
DA:113,3
DA:114,2
DA:116,1
DA:117,1
DA:119,3
DA:124,3
DA:125,1
DA:129,2
DA:134,0
DA:140,1
DA:141,3
DA:142,3
DA:143,3
DA:144,3
DA:145,1
DA:146,1
DA:148,2
DA:154,1
DA:155,1
DA:158,1
DA:159,2
DA:160,2
DA:161,2
DA:162,1
DA:163,1
DA:168,1
DA:175,1
DA:176,1
DA:177,1
DA:178,1
DA:182,0
DA:188,1
DA:189,1
DA:192,1
LF:83
LH:77
BRDA:51,0,0,1
BRDA:51,0,1,3
BRDA:60,1,0,2
BRDA:60,1,1,1
BRDA:79,2,0,1
BRDA:79,2,1,3
BRDA:88,3,0,2
BRDA:88,3,1,1
BRDA:108,4,0,0
BRDA:108,4,1,3
BRDA:113,5,0,2
BRDA:113,5,1,1
BRDA:113,6,0,3
BRDA:113,6,1,3
BRDA:124,7,0,1
BRDA:124,7,1,2
BRF:16
BRH:15
end_of_record
TN:
SF:/home/bilush/Documents/andrew/node-course-2-todo-api/server/config/config.js
FN:7,(anonymous_0)
FNF:1
FNH:1
FNDA:3,(anonymous_0)
DA:1,1
DA:3,1
DA:4,1
DA:5,1
DA:7,1
DA:8,3
LF:6
LH:6
BRDA:1,0,0,1
BRDA:1,0,1,0
BRDA:3,1,0,1
BRDA:3,1,1,0
BRDA:3,2,0,1
BRDA:3,2,1,1
BRF:6
BRH:4
end_of_record
TN:
SF:/home/bilush/Documents/andrew/node-course-2-todo-api/server/db/mongoose.js
FNF:0
FNH:0
DA:1,1
DA:3,1
DA:4,1
DA:10,1
LF:4
LH:4
BRF:0
BRH:0
end_of_record
TN:
SF:/home/bilush/Documents/andrew/node-course-2-todo-api/server/middleware/authenticate.js
FN:3,(anonymous_0)
FNF:1
FNH:1
FNDA:17,(anonymous_0)
DA:1,1
DA:3,1
DA:4,17
DA:5,17
DA:6,17
DA:7,16
DA:8,0
DA:10,16
DA:11,16
DA:12,16
DA:14,1
DA:18,1
LF:12
LH:11
BRDA:7,0,0,0
BRDA:7,0,1,16
BRF:2
BRH:1
end_of_record
TN:
SF:/home/bilush/Documents/andrew/node-course-2-todo-api/server/models/todo.js
FNF:0
FNH:0
DA:1,1
DA:3,1
DA:24,1
LF:3
LH:3
BRF:0
BRH:0
end_of_record
TN:
SF:/home/bilush/Documents/andrew/node-course-2-todo-api/server/models/user.js
FN:38,(anonymous_0)
FN:45,(anonymous_1)
FN:58,(anonymous_2)
FN:68,(anonymous_3)
FN:85,(anonymous_4)
FN:88,(anonymous_5)
FN:89,(anonymous_6)
FN:99,(anonymous_7)
FN:102,(anonymous_8)
FN:107,(anonymous_9)
FN:108,(anonymous_10)
FNF:11
FNH:11
FNDA:3,(anonymous_0)
FNDA:2,(anonymous_1)
FNDA:1,(anonymous_2)
FNDA:17,(anonymous_3)
FNDA:48,(anonymous_4)
FNDA:46,(anonymous_5)
FNDA:46,(anonymous_6)
FNDA:2,(anonymous_7)
FNDA:2,(anonymous_8)
FNDA:2,(anonymous_9)
FNDA:2,(anonymous_10)
DA:1,1
DA:2,1
DA:3,1
DA:4,1
DA:5,1
DA:7,1
DA:38,1
DA:39,3
DA:40,3
DA:42,3
DA:45,1
DA:46,2
DA:47,2
DA:48,2
DA:52,2
DA:54,2
DA:55,2
DA:58,1
DA:59,1
DA:61,1
DA:68,1
DA:69,17
DA:72,17
DA:73,17
DA:75,1
DA:78,16
DA:85,1
DA:86,48
DA:87,48
DA:88,46
DA:89,46
DA:90,46
DA:91,46
DA:95,2
DA:99,1
DA:100,2
DA:102,2
DA:103,2
DA:104,0
DA:107,2
DA:108,2
DA:109,2
DA:110,1
DA:112,1
DA:119,1
DA:121,1
LF:46
LH:45
BRDA:87,0,0,46
BRDA:87,0,1,2
BRDA:103,1,0,0
BRDA:103,1,1,2
BRDA:109,2,0,1
BRDA:109,2,1,1
BRF:6
BRH:5
end_of_record
TN:
SF:/home/bilush/Documents/andrew/node-course-2-todo-api/server/tests/seed/seed.js
FN:50,(anonymous_0)
FN:52,(anonymous_1)
FN:53,(anonymous_2)
FN:56,(anonymous_3)
FN:58,(anonymous_4)
FN:64,(anonymous_5)
FNF:6
FNH:6
FNDA:22,(anonymous_0)
FNDA:22,(anonymous_1)
FNDA:22,(anonymous_2)
FNDA:22,(anonymous_3)
FNDA:22,(anonymous_4)
FNDA:22,(anonymous_5)
DA:1,1
DA:2,1
DA:4,1
DA:5,1
DA:7,1
DA:8,1
DA:10,1
DA:35,1
DA:50,1
DA:51,22
DA:52,22
DA:53,22
DA:56,1
DA:57,22
DA:59,22
DA:60,22
DA:62,22
DA:64,22
DA:67,1
LF:19
LH:19
BRF:0
BRH:0
end_of_record
