TN:
SF:C:\Users\Bilush\Documents\andrew\node-todo-api\server\server.js
FN:18,(anonymous_0)
FN:34,(anonymous_1)
FN:54,(anonymous_2)
FN:84,(anonymous_3)
FN:140,(anonymous_4)
FN:174,(anonymous_5)
FN:191,(anonymous_6)
FN:195,(anonymous_7)
FN:213,(anonymous_8)
FN:228,(anonymous_9)
FNF:10
FNH:10
FNDA:2,(anonymous_0)
FNDA:1,(anonymous_1)
FNDA:4,(anonymous_2)
FNDA:4,(anonymous_3)
FNDA:3,(anonymous_4)
FNDA:3,(anonymous_5)
FNDA:1,(anonymous_6)
FNDA:2,(anonymous_7)
FNDA:1,(anonymous_8)
FNDA:1,(anonymous_9)
DA:1,1
DA:2,1
DA:3,1
DA:4,1
DA:5,1
DA:8,1
DA:9,1
DA:10,1
DA:11,1
DA:13,1
DA:14,1
DA:16,1
DA:18,1
DA:19,2
DA:20,2
DA:24,2
DA:25,1
DA:28,1
DA:34,1
DA:36,1
DA:37,1
DA:40,1
DA:46,0
DA:54,1
DA:55,4
DA:56,4
DA:57,4
DA:58,1
DA:62,3
DA:66,3
DA:67,2
DA:71,1
DA:77,0
DA:84,1
DA:85,4
DA:86,4
DA:87,4
DA:88,1
DA:92,3
DA:96,3
DA:97,2
DA:101,1
DA:106,0
DA:140,1
DA:141,3
DA:142,3
DA:143,3
DA:144,3
DA:145,0
DA:149,3
DA:150,2
DA:152,1
DA:153,1
DA:155,3
DA:156,3
DA:157,1
DA:161,2
DA:166,0
DA:174,1
DA:175,3
DA:176,3
DA:177,3
DA:178,3
DA:179,1
DA:180,1
DA:182,2
DA:191,1
DA:192,1
DA:195,1
DA:196,2
DA:197,2
DA:198,2
DA:199,1
DA:200,1
DA:205,1
DA:213,1
DA:214,1
DA:215,1
DA:216,1
DA:221,0
DA:228,1
DA:229,1
DA:232,1
LF:83
LH:77
BRDA:57,0,0,1
BRDA:57,0,1,3
BRDA:66,1,0,2
BRDA:66,1,1,1
BRDA:87,2,0,1
BRDA:87,2,1,3
BRDA:96,3,0,2
BRDA:96,3,1,1
BRDA:144,4,0,0
BRDA:144,4,1,3
BRDA:149,5,0,2
BRDA:149,5,1,1
BRDA:149,6,0,3
BRDA:149,6,1,3
BRDA:156,7,0,1
BRDA:156,7,1,2
BRF:16
BRH:15
end_of_record
TN:
SF:C:\Users\Bilush\Documents\andrew\node-todo-api\server\config\config.js
FN:7,(anonymous_0)
FNF:1
FNH:1
FNDA:3,(anonymous_0)
DA:1,1
DA:3,1
DA:4,1
DA:5,1
DA:7,1
DA:8,3
LF:6
LH:6
BRDA:1,0,0,1
BRDA:1,0,1,0
BRDA:3,1,0,1
BRDA:3,1,1,0
BRDA:3,2,0,1
BRDA:3,2,1,1
BRF:6
BRH:4
end_of_record
TN:
SF:C:\Users\Bilush\Documents\andrew\node-todo-api\server\db\mongoose.js
FNF:0
FNH:0
DA:1,1
DA:3,1
DA:4,1
DA:12,1
LF:4
LH:4
BRF:0
BRH:0
end_of_record
TN:
SF:C:\Users\Bilush\Documents\andrew\node-todo-api\server\middleware\authenticate.js
FN:3,(anonymous_0)
FNF:1
FNH:1
FNDA:17,(anonymous_0)
DA:1,1
DA:3,1
DA:4,17
DA:5,17
DA:6,17
DA:7,16
DA:8,0
DA:10,16
DA:11,16
DA:12,16
DA:14,1
DA:20,1
LF:12
LH:11
BRDA:7,0,0,0
BRDA:7,0,1,16
BRF:2
BRH:1
end_of_record
TN:
SF:C:\Users\Bilush\Documents\andrew\node-todo-api\server\models\todo.js
FNF:0
FNH:0
DA:1,1
DA:3,1
DA:25,1
LF:3
LH:3
BRF:0
BRH:0
end_of_record
TN:
SF:C:\Users\Bilush\Documents\andrew\node-todo-api\server\models\user.js
FN:36,(anonymous_0)
FN:43,(anonymous_1)
FN:54,(anonymous_2)
FN:64,(anonymous_3)
FN:81,(anonymous_4)
FN:84,(anonymous_5)
FN:85,(anonymous_6)
FN:95,(anonymous_7)
FN:98,(anonymous_8)
FN:103,(anonymous_9)
FN:104,(anonymous_10)
FNF:11
FNH:11
FNDA:3,(anonymous_0)
FNDA:2,(anonymous_1)
FNDA:1,(anonymous_2)
FNDA:17,(anonymous_3)
FNDA:48,(anonymous_4)
FNDA:46,(anonymous_5)
FNDA:46,(anonymous_6)
FNDA:2,(anonymous_7)
FNDA:2,(anonymous_8)
FNDA:2,(anonymous_9)
FNDA:2,(anonymous_10)
DA:1,1
DA:2,1
DA:3,1
DA:4,1
DA:5,1
DA:7,1
DA:36,1
DA:37,3
DA:38,3
DA:40,3
DA:43,1
DA:44,2
DA:45,2
DA:46,2
DA:48,2
DA:50,2
DA:51,2
DA:54,1
DA:55,1
DA:57,1
DA:64,1
DA:65,17
DA:68,17
DA:69,17
DA:71,1
DA:74,16
DA:81,1
DA:82,48
DA:83,48
DA:84,46
DA:85,46
DA:86,46
DA:87,46
DA:91,2
DA:95,1
DA:96,2
DA:98,2
DA:99,2
DA:100,0
DA:103,2
DA:104,2
DA:105,2
DA:106,1
DA:109,1
DA:119,1
DA:121,1
LF:46
LH:45
BRDA:83,0,0,46
BRDA:83,0,1,2
BRDA:99,1,0,0
BRDA:99,1,1,2
BRDA:105,2,0,1
BRDA:105,2,1,1
BRF:6
BRH:5
end_of_record
TN:
SF:C:\Users\Bilush\Documents\andrew\node-todo-api\server\tests\seed\seed.js
FN:48,(anonymous_0)
FN:49,(anonymous_1)
FN:51,(anonymous_2)
FN:54,(anonymous_3)
FN:55,(anonymous_4)
FN:60,(anonymous_5)
FNF:6
FNH:6
FNDA:22,(anonymous_0)
FNDA:22,(anonymous_1)
FNDA:22,(anonymous_2)
FNDA:22,(anonymous_3)
FNDA:22,(anonymous_4)
FNDA:22,(anonymous_5)
DA:1,1
DA:2,1
DA:4,1
DA:5,1
DA:7,1
DA:8,1
DA:10,1
DA:33,1
DA:48,1
DA:49,22
DA:50,22
DA:51,22
DA:54,1
DA:55,22
DA:56,22
DA:57,22
DA:59,22
DA:60,22
DA:63,1
LF:19
LH:19
BRF:0
BRH:0
end_of_record
